<?xml version="1.0" encoding="UTF-8"?>
<!-- Generated by org.testng.reporters.JUnitXMLReporter -->
<testsuite ignored="0" hostname="Lenovo" failures="0" tests="1" name="Login" time="48.494" errors="0" timestamp="2024-06-29T17:54:46 IST">
  <testcase classname="base.Base1" name="@AfterMethod checkStatus" time="0.039">
    <failure type="java.lang.NullPointerException" message="Cannot invoke &amp;quot;com.aventstack.extentreports.ExtentReports.createTest(String)&amp;quot; because &amp;quot;this.extentReports&amp;quot; is null">
      <![CDATA[java.lang.NullPointerException: Cannot invoke "com.aventstack.extentreports.ExtentReports.createTest(String)" because "this.extentReports" is null
at base.Base1.checkStatus(Base1.java:65)
at java.base/java.util.ArrayList.forEach(ArrayList.java:1596)
... Removed 30 stack frames]]>
    </failure>
  </testcase> <!-- @AfterMethod checkStatus -->
  <testcase classname="SpiceJetTest.LoginPageTest" name="LoginTest" time="7.406"/>
</testsuite> <!-- Login -->
