<?xml version="1.0" encoding="UTF-8"?>
<!-- Generated by org.testng.reporters.JUnitXMLReporter -->
<testsuite ignored="0" hostname="Lenovo" failures="0" tests="1" name="Login Invalid Test" time="64.732" errors="0" timestamp="2024-06-29T06:09:47 IST">
  <testcase classname="base.Base1" name="@BeforeMethod LanchBrowser" time="63.695">
    <failure type="java.lang.NullPointerException" message="Cannot invoke &amp;quot;com.aventstack.extentreports.ExtentReports.createTest(String)&amp;quot; because &amp;quot;this.extentReports&amp;quot; is null">
      <![CDATA[java.lang.NullPointerException: Cannot invoke "com.aventstack.extentreports.ExtentReports.createTest(String)" because "this.extentReports" is null
at base.Base1.LanchBrowser(Base1.java:58)
at java.base/java.util.ArrayList.forEach(ArrayList.java:1596)
... Removed 29 stack frames]]>
    </failure>
  </testcase> <!-- @BeforeMethod LanchBrowser -->
  <testcase classname="base.Base1" name="@AfterMethod checkStatus" time="-1.719621584721E9">
    <skipped/>
  </testcase> <!-- @AfterMethod checkStatus -->
  <testcase classname="SpiceJetTest.ValidateBookingPageFieldsTest" name="ValidateBookingPageFieldsTst" time="0.0">
    <skipped/>
  </testcase> <!-- ValidateBookingPageFieldsTst -->
</testsuite> <!-- Login Invalid Test -->
