<?xml version="1.0" encoding="UTF-8"?>
<!-- Generated by org.testng.reporters.JUnitXMLReporter -->
<testsuite ignored="0" hostname="Lenovo" failures="0" tests="1" name="OneWay" time="71.35" errors="0" timestamp="2024-06-29T11:33:04 IST">
  <testcase classname="base.Base1" name="@AfterMethod checkStatus" time="0.001">
    <failure type="java.lang.NullPointerException" message="Cannot invoke &amp;quot;com.aventstack.extentreports.ExtentTest.pass(String)&amp;quot; because &amp;quot;this.extentTest&amp;quot; is null">
      <![CDATA[java.lang.NullPointerException: Cannot invoke "com.aventstack.extentreports.ExtentTest.pass(String)" because "this.extentTest" is null
at base.Base1.checkStatus(Base1.java:72)
at java.base/java.util.ArrayList.forEach(ArrayList.java:1596)
... Removed 30 stack frames]]>
    </failure>
  </testcase> <!-- @AfterMethod checkStatus -->
  <testcase classname="SpiceJetTest.OneWayTripTest" name="OneWayTest" time="27.544"/>
</testsuite> <!-- OneWay -->
