<?xml version="1.0" encoding="UTF-8"?>
<!-- Generated by org.testng.reporters.JUnitXMLReporter -->
<testsuite ignored="0" hostname="Lenovo" failures="0" tests="1" name="Select Flight And Passenger Info OneWay Trip" time="79.506" errors="0" timestamp="2024-06-29T22:18:09 IST">
  <testcase classname="base.Base1" name="@AfterMethod createText" time="0.002">
    <failure type="java.lang.NullPointerException" message="Cannot invoke &amp;quot;com.aventstack.extentreports.ExtentReports.createTest(String)&amp;quot; because &amp;quot;this.extentReports&amp;quot; is null">
      <![CDATA[java.lang.NullPointerException: Cannot invoke "com.aventstack.extentreports.ExtentReports.createTest(String)" because "this.extentReports" is null
at base.Base1.createText(Base1.java:65)
at java.base/java.util.ArrayList.forEach(ArrayList.java:1596)
... Removed 30 stack frames]]>
    </failure>
  </testcase> <!-- @AfterMethod createText -->
  <testcase classname="SpiceJetTest.SelectFlightAndPassengerInfoOneWayTripTest" name="SelectFlightAndPassengerInfoOneWayTripTt" time="46.943"/>
</testsuite> <!-- Select Flight And Passenger Info OneWay Trip -->
