<?xml version="1.0" encoding="UTF-8"?>
<!-- Generated by org.testng.reporters.JUnitXMLReporter -->
<testsuite ignored="1" hostname="Lenovo" failures="0" tests="0" time="37.961" errors="0" timestamp="2024-06-29T03:27:02 IST">
  <testcase classname="base.Base1" name="@BeforeTest LanchBrowser" time="36.473">
    <failure type="java.lang.NullPointerException" message="Cannot invoke &amp;quot;com.aventstack.extentreports.ExtentReports.createTest(String)&amp;quot; because &amp;quot;this.extentReports&amp;quot; is null">
      <![CDATA[java.lang.NullPointerException: Cannot invoke "com.aventstack.extentreports.ExtentReports.createTest(String)" because "this.extentReports" is null
at base.Base1.LanchBrowser(Base1.java:58)
... Removed 22 stack frames]]>
    </failure>
  </testcase> <!-- @BeforeTest LanchBrowser -->
  <testcase classname="SpiceJetTest.SignupPageTest" name="SignupTest" time="0.0">
    <ignored/>
  </testcase> <!-- SignupTest -->
</testsuite>
