<?xml version="1.0" encoding="UTF-8"?>
<testng-results ignored="0" total="8" passed="8" failed="0" skipped="0">
  <reporter-output>
  </reporter-output>
  <suite started-at="2024-06-29T22:12:08 IST" name="Suite" finished-at="2024-06-29T22:20:25 IST" duration-ms="496920">
    <groups>
    </groups>
    <test started-at="2024-06-29T22:12:08 IST" name="Signup" finished-at="2024-06-29T22:13:07 IST" duration-ms="58851">
      <class name="SpiceJetTest.SignupPageTest">
        <test-method is-config="true" signature="LanchBrowser(org.testng.ITestContext,java.lang.String)[pri:0, instance:SpiceJetTest.SignupPageTest@6069db50]" started-at="2024-06-29T22:12:08 IST" name="LanchBrowser" finished-at="2024-06-29T22:12:37 IST" duration-ms="28963" status="PASS">
          <params>
            <param index="0">
              <value>
                <![CDATA[org.testng.TestRunner@6f012914]]>
              </value>
            </param>
            <param index="1">
              <value>
                <![CDATA[chrome]]>
              </value>
            </param>
          </params>
          <reporter-output>
          </reporter-output>
        </test-method> <!-- LanchBrowser -->
        <test-method signature="SignupTest()[pri:0, instance:SpiceJetTest.SignupPageTest@6069db50]" started-at="2024-06-29T22:12:37 IST" name="SignupTest" finished-at="2024-06-29T22:13:04 IST" duration-ms="27182" status="PASS">
          <reporter-output>
          </reporter-output>
        </test-method> <!-- SignupTest -->
        <test-method is-config="true" signature="createText(org.testng.ITestContext)[pri:0, instance:SpiceJetTest.SignupPageTest@6069db50]" started-at="2024-06-29T22:13:04 IST" name="createText" finished-at="2024-06-29T22:13:04 IST" duration-ms="43" status="FAIL">
          <params>
            <param index="0">
              <value>
                <![CDATA[org.testng.TestRunner@6f012914]]>
              </value>
            </param>
          </params>
          <exception class="java.lang.NullPointerException">
            <message>
              <![CDATA[Cannot invoke "com.aventstack.extentreports.ExtentReports.createTest(String)" because "this.extentReports" is null]]>
            </message>
            <full-stacktrace>
              <![CDATA[java.lang.NullPointerException: Cannot invoke "com.aventstack.extentreports.ExtentReports.createTest(String)" because "this.extentReports" is null
at base.Base1.createText(Base1.java:65)
at java.base/jdk.internal.reflect.DirectMethodHandleAccessor.invoke(DirectMethodHandleAccessor.java:103)
at java.base/java.lang.reflect.Method.invoke(Method.java:580)
at org.testng.internal.MethodInvocationHelper.invokeMethod(MethodInvocationHelper.java:133)
at org.testng.internal.MethodInvocationHelper.invokeMethodConsideringTimeout(MethodInvocationHelper.java:62)
at org.testng.internal.ConfigInvoker.invokeConfigurationMethod(ConfigInvoker.java:385)
at org.testng.internal.ConfigInvoker.invokeConfigurations(ConfigInvoker.java:321)
at org.testng.internal.TestInvoker.runConfigMethods(TestInvoker.java:700)
at org.testng.internal.TestInvoker.runAfterGroupsConfigurations(TestInvoker.java:676)
at org.testng.internal.TestInvoker.invokeMethod(TestInvoker.java:660)
at org.testng.internal.TestInvoker.invokeTestMethod(TestInvoker.java:173)
at org.testng.internal.MethodRunner.runInSequence(MethodRunner.java:46)
at org.testng.internal.TestInvoker$MethodInvocationAgent.invoke(TestInvoker.java:824)
at org.testng.internal.TestInvoker.invokeTestMethods(TestInvoker.java:146)
at org.testng.internal.TestMethodWorker.invokeTestMethods(TestMethodWorker.java:146)
at org.testng.internal.TestMethodWorker.run(TestMethodWorker.java:128)
at java.base/java.util.ArrayList.forEach(ArrayList.java:1596)
at org.testng.TestRunner.privateRun(TestRunner.java:794)
at org.testng.TestRunner.run(TestRunner.java:596)
at org.testng.SuiteRunner.runTest(SuiteRunner.java:377)
at org.testng.SuiteRunner.runSequentially(SuiteRunner.java:371)
at org.testng.SuiteRunner.privateRun(SuiteRunner.java:332)
at org.testng.SuiteRunner.run(SuiteRunner.java:276)
at org.testng.SuiteRunnerWorker.runSuite(SuiteRunnerWorker.java:53)
at org.testng.SuiteRunnerWorker.run(SuiteRunnerWorker.java:96)
at org.testng.TestNG.runSuitesSequentially(TestNG.java:1212)
at org.testng.TestNG.runSuitesLocally(TestNG.java:1134)
at org.testng.TestNG.runSuites(TestNG.java:1063)
at org.testng.TestNG.run(TestNG.java:1031)
at org.testng.remote.AbstractRemoteTestNG.run(AbstractRemoteTestNG.java:115)
at org.testng.remote.RemoteTestNG.initAndRun(RemoteTestNG.java:251)
at org.testng.remote.RemoteTestNG.main(RemoteTestNG.java:77)
]]>
            </full-stacktrace>
          </exception> <!-- java.lang.NullPointerException -->
          <reporter-output>
          </reporter-output>
        </test-method> <!-- createText -->
        <test-method is-config="true" signature="CloseBrowser()[pri:0, instance:SpiceJetTest.SignupPageTest@6069db50]" started-at="2024-06-29T22:13:04 IST" name="CloseBrowser" finished-at="2024-06-29T22:13:07 IST" duration-ms="2527" status="PASS">
          <reporter-output>
          </reporter-output>
        </test-method> <!-- CloseBrowser -->
      </class> <!-- SpiceJetTest.SignupPageTest -->
    </test> <!-- Signup -->
    <test started-at="2024-06-29T22:13:08 IST" name="Login with Valid" finished-at="2024-06-29T22:14:12 IST" duration-ms="64016">
      <class name="SpiceJetTest.LoginPageTest">
        <test-method is-config="true" signature="LanchBrowser(org.testng.ITestContext,java.lang.String)[pri:0, instance:SpiceJetTest.LoginPageTest@73a1e9a9]" started-at="2024-06-29T22:13:08 IST" name="LanchBrowser" finished-at="2024-06-29T22:13:49 IST" duration-ms="41422" status="PASS">
          <params>
            <param index="0">
              <value>
                <![CDATA[org.testng.TestRunner@250b236d]]>
              </value>
            </param>
            <param index="1">
              <value>
                <![CDATA[Edge]]>
              </value>
            </param>
          </params>
          <reporter-output>
          </reporter-output>
        </test-method> <!-- LanchBrowser -->
        <test-method signature="LoginTest()[pri:0, instance:SpiceJetTest.LoginPageTest@73a1e9a9]" started-at="2024-06-29T22:13:49 IST" name="LoginTest" finished-at="2024-06-29T22:14:04 IST" duration-ms="14639" status="PASS">
          <reporter-output>
          </reporter-output>
        </test-method> <!-- LoginTest -->
        <test-method is-config="true" signature="createText(org.testng.ITestContext)[pri:0, instance:SpiceJetTest.LoginPageTest@73a1e9a9]" started-at="2024-06-29T22:14:04 IST" name="createText" finished-at="2024-06-29T22:14:04 IST" duration-ms="2" status="FAIL">
          <params>
            <param index="0">
              <value>
                <![CDATA[org.testng.TestRunner@250b236d]]>
              </value>
            </param>
          </params>
          <exception class="java.lang.NullPointerException">
            <message>
              <![CDATA[Cannot invoke "com.aventstack.extentreports.ExtentReports.createTest(String)" because "this.extentReports" is null]]>
            </message>
            <full-stacktrace>
              <![CDATA[java.lang.NullPointerException: Cannot invoke "com.aventstack.extentreports.ExtentReports.createTest(String)" because "this.extentReports" is null
at base.Base1.createText(Base1.java:65)
at java.base/jdk.internal.reflect.DirectMethodHandleAccessor.invoke(DirectMethodHandleAccessor.java:103)
at java.base/java.lang.reflect.Method.invoke(Method.java:580)
at org.testng.internal.MethodInvocationHelper.invokeMethod(MethodInvocationHelper.java:133)
at org.testng.internal.MethodInvocationHelper.invokeMethodConsideringTimeout(MethodInvocationHelper.java:62)
at org.testng.internal.ConfigInvoker.invokeConfigurationMethod(ConfigInvoker.java:385)
at org.testng.internal.ConfigInvoker.invokeConfigurations(ConfigInvoker.java:321)
at org.testng.internal.TestInvoker.runConfigMethods(TestInvoker.java:700)
at org.testng.internal.TestInvoker.runAfterGroupsConfigurations(TestInvoker.java:676)
at org.testng.internal.TestInvoker.invokeMethod(TestInvoker.java:660)
at org.testng.internal.TestInvoker.invokeTestMethod(TestInvoker.java:173)
at org.testng.internal.MethodRunner.runInSequence(MethodRunner.java:46)
at org.testng.internal.TestInvoker$MethodInvocationAgent.invoke(TestInvoker.java:824)
at org.testng.internal.TestInvoker.invokeTestMethods(TestInvoker.java:146)
at org.testng.internal.TestMethodWorker.invokeTestMethods(TestMethodWorker.java:146)
at org.testng.internal.TestMethodWorker.run(TestMethodWorker.java:128)
at java.base/java.util.ArrayList.forEach(ArrayList.java:1596)
at org.testng.TestRunner.privateRun(TestRunner.java:794)
at org.testng.TestRunner.run(TestRunner.java:596)
at org.testng.SuiteRunner.runTest(SuiteRunner.java:377)
at org.testng.SuiteRunner.runSequentially(SuiteRunner.java:371)
at org.testng.SuiteRunner.privateRun(SuiteRunner.java:332)
at org.testng.SuiteRunner.run(SuiteRunner.java:276)
at org.testng.SuiteRunnerWorker.runSuite(SuiteRunnerWorker.java:53)
at org.testng.SuiteRunnerWorker.run(SuiteRunnerWorker.java:96)
at org.testng.TestNG.runSuitesSequentially(TestNG.java:1212)
at org.testng.TestNG.runSuitesLocally(TestNG.java:1134)
at org.testng.TestNG.runSuites(TestNG.java:1063)
at org.testng.TestNG.run(TestNG.java:1031)
at org.testng.remote.AbstractRemoteTestNG.run(AbstractRemoteTestNG.java:115)
at org.testng.remote.RemoteTestNG.initAndRun(RemoteTestNG.java:251)
at org.testng.remote.RemoteTestNG.main(RemoteTestNG.java:77)
]]>
            </full-stacktrace>
          </exception> <!-- java.lang.NullPointerException -->
          <reporter-output>
          </reporter-output>
        </test-method> <!-- createText -->
        <test-method is-config="true" signature="CloseBrowser()[pri:0, instance:SpiceJetTest.LoginPageTest@73a1e9a9]" started-at="2024-06-29T22:14:04 IST" name="CloseBrowser" finished-at="2024-06-29T22:14:12 IST" duration-ms="7899" status="PASS">
          <reporter-output>
          </reporter-output>
        </test-method> <!-- CloseBrowser -->
      </class> <!-- SpiceJetTest.LoginPageTest -->
    </test> <!-- Login with Valid -->
    <test started-at="2024-06-29T22:14:12 IST" name="Login With Invalid Credential" finished-at="2024-06-29T22:15:02 IST" duration-ms="50698">
      <class name="SpiceJetTest.LoginWithInvalidCredentialTest">
        <test-method is-config="true" signature="LanchBrowser(org.testng.ITestContext,java.lang.String)[pri:0, instance:SpiceJetTest.LoginWithInvalidCredentialTest@3e694b3f]" started-at="2024-06-29T22:14:12 IST" name="LanchBrowser" finished-at="2024-06-29T22:14:53 IST" duration-ms="41444" status="PASS">
          <params>
            <param index="0">
              <value>
                <![CDATA[org.testng.TestRunner@6a0ac48e]]>
              </value>
            </param>
            <param index="1">
              <value>
                <![CDATA[chrome]]>
              </value>
            </param>
          </params>
          <reporter-output>
          </reporter-output>
        </test-method> <!-- LanchBrowser -->
        <test-method signature="LoginWithInvalidCredentialTst()[pri:0, instance:SpiceJetTest.LoginWithInvalidCredentialTest@3e694b3f]" started-at="2024-06-29T22:14:53 IST" name="LoginWithInvalidCredentialTst" finished-at="2024-06-29T22:15:00 IST" duration-ms="6684" status="PASS">
          <reporter-output>
          </reporter-output>
        </test-method> <!-- LoginWithInvalidCredentialTst -->
        <test-method is-config="true" signature="createText(org.testng.ITestContext)[pri:0, instance:SpiceJetTest.LoginWithInvalidCredentialTest@3e694b3f]" started-at="2024-06-29T22:15:00 IST" name="createText" finished-at="2024-06-29T22:15:00 IST" duration-ms="1" status="FAIL">
          <params>
            <param index="0">
              <value>
                <![CDATA[org.testng.TestRunner@6a0ac48e]]>
              </value>
            </param>
          </params>
          <exception class="java.lang.NullPointerException">
            <message>
              <![CDATA[Cannot invoke "com.aventstack.extentreports.ExtentReports.createTest(String)" because "this.extentReports" is null]]>
            </message>
            <full-stacktrace>
              <![CDATA[java.lang.NullPointerException: Cannot invoke "com.aventstack.extentreports.ExtentReports.createTest(String)" because "this.extentReports" is null
at base.Base1.createText(Base1.java:65)
at java.base/jdk.internal.reflect.DirectMethodHandleAccessor.invoke(DirectMethodHandleAccessor.java:103)
at java.base/java.lang.reflect.Method.invoke(Method.java:580)
at org.testng.internal.MethodInvocationHelper.invokeMethod(MethodInvocationHelper.java:133)
at org.testng.internal.MethodInvocationHelper.invokeMethodConsideringTimeout(MethodInvocationHelper.java:62)
at org.testng.internal.ConfigInvoker.invokeConfigurationMethod(ConfigInvoker.java:385)
at org.testng.internal.ConfigInvoker.invokeConfigurations(ConfigInvoker.java:321)
at org.testng.internal.TestInvoker.runConfigMethods(TestInvoker.java:700)
at org.testng.internal.TestInvoker.runAfterGroupsConfigurations(TestInvoker.java:676)
at org.testng.internal.TestInvoker.invokeMethod(TestInvoker.java:660)
at org.testng.internal.TestInvoker.invokeTestMethod(TestInvoker.java:173)
at org.testng.internal.MethodRunner.runInSequence(MethodRunner.java:46)
at org.testng.internal.TestInvoker$MethodInvocationAgent.invoke(TestInvoker.java:824)
at org.testng.internal.TestInvoker.invokeTestMethods(TestInvoker.java:146)
at org.testng.internal.TestMethodWorker.invokeTestMethods(TestMethodWorker.java:146)
at org.testng.internal.TestMethodWorker.run(TestMethodWorker.java:128)
at java.base/java.util.ArrayList.forEach(ArrayList.java:1596)
at org.testng.TestRunner.privateRun(TestRunner.java:794)
at org.testng.TestRunner.run(TestRunner.java:596)
at org.testng.SuiteRunner.runTest(SuiteRunner.java:377)
at org.testng.SuiteRunner.runSequentially(SuiteRunner.java:371)
at org.testng.SuiteRunner.privateRun(SuiteRunner.java:332)
at org.testng.SuiteRunner.run(SuiteRunner.java:276)
at org.testng.SuiteRunnerWorker.runSuite(SuiteRunnerWorker.java:53)
at org.testng.SuiteRunnerWorker.run(SuiteRunnerWorker.java:96)
at org.testng.TestNG.runSuitesSequentially(TestNG.java:1212)
at org.testng.TestNG.runSuitesLocally(TestNG.java:1134)
at org.testng.TestNG.runSuites(TestNG.java:1063)
at org.testng.TestNG.run(TestNG.java:1031)
at org.testng.remote.AbstractRemoteTestNG.run(AbstractRemoteTestNG.java:115)
at org.testng.remote.RemoteTestNG.initAndRun(RemoteTestNG.java:251)
at org.testng.remote.RemoteTestNG.main(RemoteTestNG.java:77)
]]>
            </full-stacktrace>
          </exception> <!-- java.lang.NullPointerException -->
          <reporter-output>
          </reporter-output>
        </test-method> <!-- createText -->
        <test-method is-config="true" signature="CloseBrowser()[pri:0, instance:SpiceJetTest.LoginWithInvalidCredentialTest@3e694b3f]" started-at="2024-06-29T22:15:00 IST" name="CloseBrowser" finished-at="2024-06-29T22:15:02 IST" duration-ms="2507" status="PASS">
          <reporter-output>
          </reporter-output>
        </test-method> <!-- CloseBrowser -->
      </class> <!-- SpiceJetTest.LoginWithInvalidCredentialTest -->
    </test> <!-- Login With Invalid Credential -->
    <test started-at="2024-06-29T22:15:02 IST" name="One Way Trip" finished-at="2024-06-29T22:15:56 IST" duration-ms="53755">
      <class name="SpiceJetTest.OneWayTripTest">
        <test-method is-config="true" signature="LanchBrowser(org.testng.ITestContext,java.lang.String)[pri:0, instance:SpiceJetTest.OneWayTripTest@515c6049]" started-at="2024-06-29T22:15:02 IST" name="LanchBrowser" finished-at="2024-06-29T22:15:32 IST" duration-ms="29861" status="PASS">
          <params>
            <param index="0">
              <value>
                <![CDATA[org.testng.TestRunner@499683c4]]>
              </value>
            </param>
            <param index="1">
              <value>
                <![CDATA[chrome]]>
              </value>
            </param>
          </params>
          <reporter-output>
          </reporter-output>
        </test-method> <!-- LanchBrowser -->
        <test-method signature="OneWayTest()[pri:0, instance:SpiceJetTest.OneWayTripTest@515c6049]" started-at="2024-06-29T22:15:32 IST" name="OneWayTest" finished-at="2024-06-29T22:15:53 IST" duration-ms="20854" status="PASS">
          <reporter-output>
          </reporter-output>
        </test-method> <!-- OneWayTest -->
        <test-method is-config="true" signature="createText(org.testng.ITestContext)[pri:0, instance:SpiceJetTest.OneWayTripTest@515c6049]" started-at="2024-06-29T22:15:53 IST" name="createText" finished-at="2024-06-29T22:15:53 IST" duration-ms="1" status="FAIL">
          <params>
            <param index="0">
              <value>
                <![CDATA[org.testng.TestRunner@499683c4]]>
              </value>
            </param>
          </params>
          <exception class="java.lang.NullPointerException">
            <message>
              <![CDATA[Cannot invoke "com.aventstack.extentreports.ExtentReports.createTest(String)" because "this.extentReports" is null]]>
            </message>
            <full-stacktrace>
              <![CDATA[java.lang.NullPointerException: Cannot invoke "com.aventstack.extentreports.ExtentReports.createTest(String)" because "this.extentReports" is null
at base.Base1.createText(Base1.java:65)
at java.base/jdk.internal.reflect.DirectMethodHandleAccessor.invoke(DirectMethodHandleAccessor.java:103)
at java.base/java.lang.reflect.Method.invoke(Method.java:580)
at org.testng.internal.MethodInvocationHelper.invokeMethod(MethodInvocationHelper.java:133)
at org.testng.internal.MethodInvocationHelper.invokeMethodConsideringTimeout(MethodInvocationHelper.java:62)
at org.testng.internal.ConfigInvoker.invokeConfigurationMethod(ConfigInvoker.java:385)
at org.testng.internal.ConfigInvoker.invokeConfigurations(ConfigInvoker.java:321)
at org.testng.internal.TestInvoker.runConfigMethods(TestInvoker.java:700)
at org.testng.internal.TestInvoker.runAfterGroupsConfigurations(TestInvoker.java:676)
at org.testng.internal.TestInvoker.invokeMethod(TestInvoker.java:660)
at org.testng.internal.TestInvoker.invokeTestMethod(TestInvoker.java:173)
at org.testng.internal.MethodRunner.runInSequence(MethodRunner.java:46)
at org.testng.internal.TestInvoker$MethodInvocationAgent.invoke(TestInvoker.java:824)
at org.testng.internal.TestInvoker.invokeTestMethods(TestInvoker.java:146)
at org.testng.internal.TestMethodWorker.invokeTestMethods(TestMethodWorker.java:146)
at org.testng.internal.TestMethodWorker.run(TestMethodWorker.java:128)
at java.base/java.util.ArrayList.forEach(ArrayList.java:1596)
at org.testng.TestRunner.privateRun(TestRunner.java:794)
at org.testng.TestRunner.run(TestRunner.java:596)
at org.testng.SuiteRunner.runTest(SuiteRunner.java:377)
at org.testng.SuiteRunner.runSequentially(SuiteRunner.java:371)
at org.testng.SuiteRunner.privateRun(SuiteRunner.java:332)
at org.testng.SuiteRunner.run(SuiteRunner.java:276)
at org.testng.SuiteRunnerWorker.runSuite(SuiteRunnerWorker.java:53)
at org.testng.SuiteRunnerWorker.run(SuiteRunnerWorker.java:96)
at org.testng.TestNG.runSuitesSequentially(TestNG.java:1212)
at org.testng.TestNG.runSuitesLocally(TestNG.java:1134)
at org.testng.TestNG.runSuites(TestNG.java:1063)
at org.testng.TestNG.run(TestNG.java:1031)
at org.testng.remote.AbstractRemoteTestNG.run(AbstractRemoteTestNG.java:115)
at org.testng.remote.RemoteTestNG.initAndRun(RemoteTestNG.java:251)
at org.testng.remote.RemoteTestNG.main(RemoteTestNG.java:77)
]]>
            </full-stacktrace>
          </exception> <!-- java.lang.NullPointerException -->
          <reporter-output>
          </reporter-output>
        </test-method> <!-- createText -->
        <test-method is-config="true" signature="CloseBrowser()[pri:0, instance:SpiceJetTest.OneWayTripTest@515c6049]" started-at="2024-06-29T22:15:53 IST" name="CloseBrowser" finished-at="2024-06-29T22:15:56 IST" duration-ms="2992" status="PASS">
          <reporter-output>
          </reporter-output>
        </test-method> <!-- CloseBrowser -->
      </class> <!-- SpiceJetTest.OneWayTripTest -->
    </test> <!-- One Way Trip -->
    <test started-at="2024-06-29T22:15:56 IST" name="Round Trip" finished-at="2024-06-29T22:16:49 IST" duration-ms="53143">
      <class name="SpiceJetTest.RoundTripTest">
        <test-method is-config="true" signature="LanchBrowser(org.testng.ITestContext,java.lang.String)[pri:0, instance:SpiceJetTest.RoundTripTest@2d3379b4]" started-at="2024-06-29T22:15:56 IST" name="LanchBrowser" finished-at="2024-06-29T22:16:23 IST" duration-ms="26701" status="PASS">
          <params>
            <param index="0">
              <value>
                <![CDATA[org.testng.TestRunner@10bea4]]>
              </value>
            </param>
            <param index="1">
              <value>
                <![CDATA[chrome]]>
              </value>
            </param>
          </params>
          <reporter-output>
          </reporter-output>
        </test-method> <!-- LanchBrowser -->
        <test-method signature="RoundTripTest1()[pri:0, instance:SpiceJetTest.RoundTripTest@2d3379b4]" started-at="2024-06-29T22:16:23 IST" name="RoundTripTest1" finished-at="2024-06-29T22:16:46 IST" duration-ms="22675" status="PASS">
          <reporter-output>
          </reporter-output>
        </test-method> <!-- RoundTripTest1 -->
        <test-method is-config="true" signature="createText(org.testng.ITestContext)[pri:0, instance:SpiceJetTest.RoundTripTest@2d3379b4]" started-at="2024-06-29T22:16:46 IST" name="createText" finished-at="2024-06-29T22:16:46 IST" duration-ms="1" status="FAIL">
          <params>
            <param index="0">
              <value>
                <![CDATA[org.testng.TestRunner@10bea4]]>
              </value>
            </param>
          </params>
          <exception class="java.lang.NullPointerException">
            <message>
              <![CDATA[Cannot invoke "com.aventstack.extentreports.ExtentReports.createTest(String)" because "this.extentReports" is null]]>
            </message>
            <full-stacktrace>
              <![CDATA[java.lang.NullPointerException: Cannot invoke "com.aventstack.extentreports.ExtentReports.createTest(String)" because "this.extentReports" is null
at base.Base1.createText(Base1.java:65)
at java.base/jdk.internal.reflect.DirectMethodHandleAccessor.invoke(DirectMethodHandleAccessor.java:103)
at java.base/java.lang.reflect.Method.invoke(Method.java:580)
at org.testng.internal.MethodInvocationHelper.invokeMethod(MethodInvocationHelper.java:133)
at org.testng.internal.MethodInvocationHelper.invokeMethodConsideringTimeout(MethodInvocationHelper.java:62)
at org.testng.internal.ConfigInvoker.invokeConfigurationMethod(ConfigInvoker.java:385)
at org.testng.internal.ConfigInvoker.invokeConfigurations(ConfigInvoker.java:321)
at org.testng.internal.TestInvoker.runConfigMethods(TestInvoker.java:700)
at org.testng.internal.TestInvoker.runAfterGroupsConfigurations(TestInvoker.java:676)
at org.testng.internal.TestInvoker.invokeMethod(TestInvoker.java:660)
at org.testng.internal.TestInvoker.invokeTestMethod(TestInvoker.java:173)
at org.testng.internal.MethodRunner.runInSequence(MethodRunner.java:46)
at org.testng.internal.TestInvoker$MethodInvocationAgent.invoke(TestInvoker.java:824)
at org.testng.internal.TestInvoker.invokeTestMethods(TestInvoker.java:146)
at org.testng.internal.TestMethodWorker.invokeTestMethods(TestMethodWorker.java:146)
at org.testng.internal.TestMethodWorker.run(TestMethodWorker.java:128)
at java.base/java.util.ArrayList.forEach(ArrayList.java:1596)
at org.testng.TestRunner.privateRun(TestRunner.java:794)
at org.testng.TestRunner.run(TestRunner.java:596)
at org.testng.SuiteRunner.runTest(SuiteRunner.java:377)
at org.testng.SuiteRunner.runSequentially(SuiteRunner.java:371)
at org.testng.SuiteRunner.privateRun(SuiteRunner.java:332)
at org.testng.SuiteRunner.run(SuiteRunner.java:276)
at org.testng.SuiteRunnerWorker.runSuite(SuiteRunnerWorker.java:53)
at org.testng.SuiteRunnerWorker.run(SuiteRunnerWorker.java:96)
at org.testng.TestNG.runSuitesSequentially(TestNG.java:1212)
at org.testng.TestNG.runSuitesLocally(TestNG.java:1134)
at org.testng.TestNG.runSuites(TestNG.java:1063)
at org.testng.TestNG.run(TestNG.java:1031)
at org.testng.remote.AbstractRemoteTestNG.run(AbstractRemoteTestNG.java:115)
at org.testng.remote.RemoteTestNG.initAndRun(RemoteTestNG.java:251)
at org.testng.remote.RemoteTestNG.main(RemoteTestNG.java:77)
]]>
            </full-stacktrace>
          </exception> <!-- java.lang.NullPointerException -->
          <reporter-output>
          </reporter-output>
        </test-method> <!-- createText -->
        <test-method is-config="true" signature="CloseBrowser()[pri:0, instance:SpiceJetTest.RoundTripTest@2d3379b4]" started-at="2024-06-29T22:16:46 IST" name="CloseBrowser" finished-at="2024-06-29T22:16:49 IST" duration-ms="3659" status="PASS">
          <reporter-output>
          </reporter-output>
        </test-method> <!-- CloseBrowser -->
      </class> <!-- SpiceJetTest.RoundTripTest -->
    </test> <!-- Round Trip -->
    <test started-at="2024-06-29T22:16:49 IST" name="Select Flight And Passenger Info OneWay Trip" finished-at="2024-06-29T22:18:09 IST" duration-ms="79506">
      <class name="SpiceJetTest.SelectFlightAndPassengerInfoOneWayTripTest">
        <test-method is-config="true" signature="LanchBrowser(org.testng.ITestContext,java.lang.String)[pri:0, instance:SpiceJetTest.SelectFlightAndPassengerInfoOneWayTripTest@2b71e916]" started-at="2024-06-29T22:16:49 IST" name="LanchBrowser" finished-at="2024-06-29T22:17:20 IST" duration-ms="30263" status="PASS">
          <params>
            <param index="0">
              <value>
                <![CDATA[org.testng.TestRunner@2b960a7]]>
              </value>
            </param>
            <param index="1">
              <value>
                <![CDATA[chrome]]>
              </value>
            </param>
          </params>
          <reporter-output>
          </reporter-output>
        </test-method> <!-- LanchBrowser -->
        <test-method signature="SelectFlightAndPassengerInfoOneWayTripTt()[pri:0, instance:SpiceJetTest.SelectFlightAndPassengerInfoOneWayTripTest@2b71e916]" started-at="2024-06-29T22:17:20 IST" name="SelectFlightAndPassengerInfoOneWayTripTt" finished-at="2024-06-29T22:18:07 IST" duration-ms="46943" status="PASS">
          <reporter-output>
          </reporter-output>
        </test-method> <!-- SelectFlightAndPassengerInfoOneWayTripTt -->
        <test-method is-config="true" signature="createText(org.testng.ITestContext)[pri:0, instance:SpiceJetTest.SelectFlightAndPassengerInfoOneWayTripTest@2b71e916]" started-at="2024-06-29T22:18:07 IST" name="createText" finished-at="2024-06-29T22:18:07 IST" duration-ms="2" status="FAIL">
          <params>
            <param index="0">
              <value>
                <![CDATA[org.testng.TestRunner@2b960a7]]>
              </value>
            </param>
          </params>
          <exception class="java.lang.NullPointerException">
            <message>
              <![CDATA[Cannot invoke "com.aventstack.extentreports.ExtentReports.createTest(String)" because "this.extentReports" is null]]>
            </message>
            <full-stacktrace>
              <![CDATA[java.lang.NullPointerException: Cannot invoke "com.aventstack.extentreports.ExtentReports.createTest(String)" because "this.extentReports" is null
at base.Base1.createText(Base1.java:65)
at java.base/jdk.internal.reflect.DirectMethodHandleAccessor.invoke(DirectMethodHandleAccessor.java:103)
at java.base/java.lang.reflect.Method.invoke(Method.java:580)
at org.testng.internal.MethodInvocationHelper.invokeMethod(MethodInvocationHelper.java:133)
at org.testng.internal.MethodInvocationHelper.invokeMethodConsideringTimeout(MethodInvocationHelper.java:62)
at org.testng.internal.ConfigInvoker.invokeConfigurationMethod(ConfigInvoker.java:385)
at org.testng.internal.ConfigInvoker.invokeConfigurations(ConfigInvoker.java:321)
at org.testng.internal.TestInvoker.runConfigMethods(TestInvoker.java:700)
at org.testng.internal.TestInvoker.runAfterGroupsConfigurations(TestInvoker.java:676)
at org.testng.internal.TestInvoker.invokeMethod(TestInvoker.java:660)
at org.testng.internal.TestInvoker.invokeTestMethod(TestInvoker.java:173)
at org.testng.internal.MethodRunner.runInSequence(MethodRunner.java:46)
at org.testng.internal.TestInvoker$MethodInvocationAgent.invoke(TestInvoker.java:824)
at org.testng.internal.TestInvoker.invokeTestMethods(TestInvoker.java:146)
at org.testng.internal.TestMethodWorker.invokeTestMethods(TestMethodWorker.java:146)
at org.testng.internal.TestMethodWorker.run(TestMethodWorker.java:128)
at java.base/java.util.ArrayList.forEach(ArrayList.java:1596)
at org.testng.TestRunner.privateRun(TestRunner.java:794)
at org.testng.TestRunner.run(TestRunner.java:596)
at org.testng.SuiteRunner.runTest(SuiteRunner.java:377)
at org.testng.SuiteRunner.runSequentially(SuiteRunner.java:371)
at org.testng.SuiteRunner.privateRun(SuiteRunner.java:332)
at org.testng.SuiteRunner.run(SuiteRunner.java:276)
at org.testng.SuiteRunnerWorker.runSuite(SuiteRunnerWorker.java:53)
at org.testng.SuiteRunnerWorker.run(SuiteRunnerWorker.java:96)
at org.testng.TestNG.runSuitesSequentially(TestNG.java:1212)
at org.testng.TestNG.runSuitesLocally(TestNG.java:1134)
at org.testng.TestNG.runSuites(TestNG.java:1063)
at org.testng.TestNG.run(TestNG.java:1031)
at org.testng.remote.AbstractRemoteTestNG.run(AbstractRemoteTestNG.java:115)
at org.testng.remote.RemoteTestNG.initAndRun(RemoteTestNG.java:251)
at org.testng.remote.RemoteTestNG.main(RemoteTestNG.java:77)
]]>
            </full-stacktrace>
          </exception> <!-- java.lang.NullPointerException -->
          <reporter-output>
          </reporter-output>
        </test-method> <!-- createText -->
        <test-method is-config="true" signature="CloseBrowser()[pri:0, instance:SpiceJetTest.SelectFlightAndPassengerInfoOneWayTripTest@2b71e916]" started-at="2024-06-29T22:18:07 IST" name="CloseBrowser" finished-at="2024-06-29T22:18:09 IST" duration-ms="2261" status="PASS">
          <reporter-output>
          </reporter-output>
        </test-method> <!-- CloseBrowser -->
      </class> <!-- SpiceJetTest.SelectFlightAndPassengerInfoOneWayTripTest -->
    </test> <!-- Select Flight And Passenger Info OneWay Trip -->
    <test started-at="2024-06-29T22:18:09 IST" name="Select Flight And Passenger Info Round Trip" finished-at="2024-06-29T22:19:33 IST" duration-ms="84498">
      <class name="SpiceJetTest.SelectFlightAndPassengerInfoRoundTripTest">
        <test-method is-config="true" signature="LanchBrowser(org.testng.ITestContext,java.lang.String)[pri:0, instance:SpiceJetTest.SelectFlightAndPassengerInfoRoundTripTest@175c2241]" started-at="2024-06-29T22:18:09 IST" name="LanchBrowser" finished-at="2024-06-29T22:18:45 IST" duration-ms="36047" status="PASS">
          <params>
            <param index="0">
              <value>
                <![CDATA[org.testng.TestRunner@1e95b653]]>
              </value>
            </param>
            <param index="1">
              <value>
                <![CDATA[chrome]]>
              </value>
            </param>
          </params>
          <reporter-output>
          </reporter-output>
        </test-method> <!-- LanchBrowser -->
        <test-method signature="SelectFlightAndPassengerInfoRoundTripTst()[pri:0, instance:SpiceJetTest.SelectFlightAndPassengerInfoRoundTripTest@175c2241]" started-at="2024-06-29T22:18:45 IST" name="SelectFlightAndPassengerInfoRoundTripTst" finished-at="2024-06-29T22:19:31 IST" duration-ms="45600" status="PASS">
          <reporter-output>
          </reporter-output>
        </test-method> <!-- SelectFlightAndPassengerInfoRoundTripTst -->
        <test-method is-config="true" signature="createText(org.testng.ITestContext)[pri:0, instance:SpiceJetTest.SelectFlightAndPassengerInfoRoundTripTest@175c2241]" started-at="2024-06-29T22:19:31 IST" name="createText" finished-at="2024-06-29T22:19:31 IST" duration-ms="1" status="FAIL">
          <params>
            <param index="0">
              <value>
                <![CDATA[org.testng.TestRunner@1e95b653]]>
              </value>
            </param>
          </params>
          <exception class="java.lang.NullPointerException">
            <message>
              <![CDATA[Cannot invoke "com.aventstack.extentreports.ExtentReports.createTest(String)" because "this.extentReports" is null]]>
            </message>
            <full-stacktrace>
              <![CDATA[java.lang.NullPointerException: Cannot invoke "com.aventstack.extentreports.ExtentReports.createTest(String)" because "this.extentReports" is null
at base.Base1.createText(Base1.java:65)
at java.base/jdk.internal.reflect.DirectMethodHandleAccessor.invoke(DirectMethodHandleAccessor.java:103)
at java.base/java.lang.reflect.Method.invoke(Method.java:580)
at org.testng.internal.MethodInvocationHelper.invokeMethod(MethodInvocationHelper.java:133)
at org.testng.internal.MethodInvocationHelper.invokeMethodConsideringTimeout(MethodInvocationHelper.java:62)
at org.testng.internal.ConfigInvoker.invokeConfigurationMethod(ConfigInvoker.java:385)
at org.testng.internal.ConfigInvoker.invokeConfigurations(ConfigInvoker.java:321)
at org.testng.internal.TestInvoker.runConfigMethods(TestInvoker.java:700)
at org.testng.internal.TestInvoker.runAfterGroupsConfigurations(TestInvoker.java:676)
at org.testng.internal.TestInvoker.invokeMethod(TestInvoker.java:660)
at org.testng.internal.TestInvoker.invokeTestMethod(TestInvoker.java:173)
at org.testng.internal.MethodRunner.runInSequence(MethodRunner.java:46)
at org.testng.internal.TestInvoker$MethodInvocationAgent.invoke(TestInvoker.java:824)
at org.testng.internal.TestInvoker.invokeTestMethods(TestInvoker.java:146)
at org.testng.internal.TestMethodWorker.invokeTestMethods(TestMethodWorker.java:146)
at org.testng.internal.TestMethodWorker.run(TestMethodWorker.java:128)
at java.base/java.util.ArrayList.forEach(ArrayList.java:1596)
at org.testng.TestRunner.privateRun(TestRunner.java:794)
at org.testng.TestRunner.run(TestRunner.java:596)
at org.testng.SuiteRunner.runTest(SuiteRunner.java:377)
at org.testng.SuiteRunner.runSequentially(SuiteRunner.java:371)
at org.testng.SuiteRunner.privateRun(SuiteRunner.java:332)
at org.testng.SuiteRunner.run(SuiteRunner.java:276)
at org.testng.SuiteRunnerWorker.runSuite(SuiteRunnerWorker.java:53)
at org.testng.SuiteRunnerWorker.run(SuiteRunnerWorker.java:96)
at org.testng.TestNG.runSuitesSequentially(TestNG.java:1212)
at org.testng.TestNG.runSuitesLocally(TestNG.java:1134)
at org.testng.TestNG.runSuites(TestNG.java:1063)
at org.testng.TestNG.run(TestNG.java:1031)
at org.testng.remote.AbstractRemoteTestNG.run(AbstractRemoteTestNG.java:115)
at org.testng.remote.RemoteTestNG.initAndRun(RemoteTestNG.java:251)
at org.testng.remote.RemoteTestNG.main(RemoteTestNG.java:77)
]]>
            </full-stacktrace>
          </exception> <!-- java.lang.NullPointerException -->
          <reporter-output>
          </reporter-output>
        </test-method> <!-- createText -->
        <test-method is-config="true" signature="CloseBrowser()[pri:0, instance:SpiceJetTest.SelectFlightAndPassengerInfoRoundTripTest@175c2241]" started-at="2024-06-29T22:19:31 IST" name="CloseBrowser" finished-at="2024-06-29T22:19:33 IST" duration-ms="2834" status="PASS">
          <reporter-output>
          </reporter-output>
        </test-method> <!-- CloseBrowser -->
      </class> <!-- SpiceJetTest.SelectFlightAndPassengerInfoRoundTripTest -->
    </test> <!-- Select Flight And Passenger Info Round Trip -->
    <test started-at="2024-06-29T22:19:33 IST" name="Validate Booking Page Fields" finished-at="2024-06-29T22:20:25 IST" duration-ms="51536">
      <class name="SpiceJetTest.ValidateBookingPageFieldsTest">
        <test-method is-config="true" signature="ExtentReports()[pri:0, instance:SpiceJetTest.ValidateBookingPageFieldsTest@557caf28]" started-at="2024-06-29T22:12:07 IST" name="ExtentReports" finished-at="2024-06-29T22:12:08 IST" duration-ms="1348" status="PASS">
          <reporter-output>
          </reporter-output>
        </test-method> <!-- ExtentReports -->
        <test-method is-config="true" signature="LanchBrowser(org.testng.ITestContext,java.lang.String)[pri:0, instance:SpiceJetTest.ValidateBookingPageFieldsTest@557caf28]" started-at="2024-06-29T22:19:33 IST" name="LanchBrowser" finished-at="2024-06-29T22:20:17 IST" duration-ms="44004" status="PASS">
          <params>
            <param index="0">
              <value>
                <![CDATA[org.testng.TestRunner@43471a7e]]>
              </value>
            </param>
            <param index="1">
              <value>
                <![CDATA[edge]]>
              </value>
            </param>
          </params>
          <reporter-output>
          </reporter-output>
        </test-method> <!-- LanchBrowser -->
        <test-method signature="ValidateBookingPageFieldsTst()[pri:0, instance:SpiceJetTest.ValidateBookingPageFieldsTest@557caf28]" started-at="2024-06-29T22:20:18 IST" name="ValidateBookingPageFieldsTst" finished-at="2024-06-29T22:20:21 IST" duration-ms="3274" status="PASS">
          <reporter-output>
          </reporter-output>
        </test-method> <!-- ValidateBookingPageFieldsTst -->
        <test-method is-config="true" signature="createText(org.testng.ITestContext)[pri:0, instance:SpiceJetTest.ValidateBookingPageFieldsTest@557caf28]" started-at="2024-06-29T22:20:21 IST" name="createText" finished-at="2024-06-29T22:20:21 IST" duration-ms="65" status="PASS">
          <params>
            <param index="0">
              <value>
                <![CDATA[org.testng.TestRunner@43471a7e]]>
              </value>
            </param>
          </params>
          <reporter-output>
          </reporter-output>
        </test-method> <!-- createText -->
        <test-method is-config="true" signature="CloseBrowser()[pri:0, instance:SpiceJetTest.ValidateBookingPageFieldsTest@557caf28]" started-at="2024-06-29T22:20:21 IST" name="CloseBrowser" finished-at="2024-06-29T22:20:25 IST" duration-ms="4152" status="PASS">
          <reporter-output>
          </reporter-output>
        </test-method> <!-- CloseBrowser -->
        <test-method is-config="true" signature="GenerateExtentReports()[pri:0, instance:SpiceJetTest.ValidateBookingPageFieldsTest@557caf28]" started-at="2024-06-29T22:20:25 IST" name="GenerateExtentReports" finished-at="2024-06-29T22:20:27 IST" duration-ms="2101" status="PASS">
          <reporter-output>
          </reporter-output>
        </test-method> <!-- GenerateExtentReports -->
      </class> <!-- SpiceJetTest.ValidateBookingPageFieldsTest -->
    </test> <!-- Validate Booking Page Fields -->
  </suite> <!-- Suite -->
</testng-results>
